app/build/intermediates/manifest_merge_blame_file/debug/manifest-merger-blame-debug-report.txt
1<?xml version="1.0" encoding="utf-8"?>
2<manifest xmlns:android="http://schemas.android.com/apk/res/android"
3    package="br.edu.ifsc.alunos.clientesd"
4    android:versionCode="2"
5    android:versionName="1.1" >
6
7    <uses-sdk
8        android:minSdkVersion="19"
8-->src\main\AndroidManifest.xml
9        android:targetSdkVersion="29" />
9-->src\main\AndroidManifest.xml
10
11    <uses-permission android:name="android.permission.ACCESS_NETWORK_STATE" />
11-->src\main\AndroidManifest.xml:5:5-79
11-->src\main\AndroidManifest.xml:5:22-76
12    <uses-permission android:name="android.permission.INTERNET" />
12-->src\main\AndroidManifest.xml:6:5-67
12-->src\main\AndroidManifest.xml:6:22-64
13
14    <application
14-->src\main\AndroidManifest.xml:8:5-30:19
15        android:allowBackup="true"
15-->src\main\AndroidManifest.xml:9:9-35
16        android:appComponentFactory="androidx.core.app.CoreComponentFactory"
16-->[androidx.core:core:1.1.0] AndroidManifest.xml:24:18-86
17        android:debuggable="true"
18        android:icon="@drawable/ic_project"
18-->src\main\AndroidManifest.xml:10:9-44
19        android:label="@string/app_name"
19-->src\main\AndroidManifest.xml:11:9-41
20        android:roundIcon="@drawable/ic_project"
20-->src\main\AndroidManifest.xml:12:9-49
21        android:supportsRtl="true"
21-->src\main\AndroidManifest.xml:13:9-35
22        android:testOnly="true"
23        android:theme="@style/AppTheme" >
23-->src\main\AndroidManifest.xml:14:9-40
24        <activity
24-->src\main\AndroidManifest.xml:15:9-17:15
25            android:name="br.edu.ifsc.alunos.clientesd.MainActivity"
25-->src\main\AndroidManifest.xml:15:19-47
26            android:screenOrientation="portrait" />
26-->src\main\AndroidManifest.xml:16:13-49
27        <activity
27-->src\main\AndroidManifest.xml:19:9-21:15
28            android:name="br.edu.ifsc.alunos.clientesd.ui.projetos.ProjetosActivity"
28-->src\main\AndroidManifest.xml:19:19-63
29            android:screenOrientation="portrait" />
29-->src\main\AndroidManifest.xml:20:13-49
30        <activity
30-->src\main\AndroidManifest.xml:23:9-29:20
31            android:name="br.edu.ifsc.alunos.clientesd.SplashActivity"
31-->src\main\AndroidManifest.xml:23:19-49
32            android:screenOrientation="portrait" >
32-->src\main\AndroidManifest.xml:24:13-49
33            <intent-filter>
33-->src\main\AndroidManifest.xml:25:13-28:29
34                <action android:name="android.intent.action.MAIN" />
34-->src\main\AndroidManifest.xml:26:17-69
34-->src\main\AndroidManifest.xml:26:25-66
35
36                <category android:name="android.intent.category.LAUNCHER" />
36-->src\main\AndroidManifest.xml:27:17-77
36-->src\main\AndroidManifest.xml:27:27-74
37            </intent-filter>
38        </activity>
39    </application>
40
41</manifest>